<?xml version="1.0" encoding="UTF-8"?>
<testsuites>
	<testsuite tests="3" failures="0" time="0.021" name="github.com/jstemmer/go-junit-report">
		<properties>
			<property name="go.version" value="go1.14"></property>
		</properties>
		<testcase classname="go-junit-report" name="TestParser" time="0.010"></testcase>
		<testcase classname="go-junit-report" name="TestJUnitFormatter" time="0.010"></testcase>
		<testcase classname="go-junit-report" name="TestVersionFlag" time="0.000"></testcase>
	</testsuite>
</testsuites>
